[22-Jul-2024 07:25:01 UTC] PHP Fatal error:  Cannot redeclare my_custom_register() (previously declared in C:\xampp\htdocs\customizer\wp-content\themes\twentysixteen\inc\customizer.php:1264) in C:\xampp\htdocs\customizer\wp-content\plugins\panel_plugin\panel_plugin.php on line 33
[22-Jul-2024 07:25:23 UTC] PHP Fatal error:  Cannot redeclare my_text_customization() (previously declared in C:\xampp\htdocs\customizer\wp-content\themes\twentysixteen-child\inc\customizer.php:2) in C:\xampp\htdocs\customizer\wp-content\plugins\text_plugin\text_plugin.php on line 25
[22-Jul-2024 07:25:52 UTC] PHP Fatal error:  Cannot redeclare my_custom_register() (previously declared in C:\xampp\htdocs\customizer\wp-content\themes\twentysixteen\inc\customizer.php:1264) in C:\xampp\htdocs\customizer\wp-content\plugins\color_plugin\color_plugin.php on line 24
[22-Jul-2024 07:26:01 UTC] PHP Fatal error:  Cannot redeclare my_text_customization() (previously declared in C:\xampp\htdocs\customizer\wp-content\themes\twentysixteen-child\inc\customizer.php:2) in C:\xampp\htdocs\customizer\wp-content\plugins\text_plugin\text_plugin.php on line 25
[22-Jul-2024 07:27:21 UTC] PHP Fatal error:  Cannot redeclare my_custom_register() (previously declared in C:\xampp\htdocs\customizer\wp-content\themes\twentysixteen\inc\customizer.php:1264) in C:\xampp\htdocs\customizer\wp-content\plugins\color_plugin\color_plugin.php on line 26
[22-Jul-2024 07:28:07 UTC] PHP Fatal error:  Cannot redeclare my_text_customization() (previously declared in C:\xampp\htdocs\customizer\wp-content\themes\twentysixteen-child\inc\customizer.php:2) in C:\xampp\htdocs\customizer\wp-content\plugins\text_plugin\text_plugin.php on line 25
[22-Jul-2024 07:32:48 UTC] PHP Warning:  require(C:\xampp\htdocs\customizer/wp-content/themes/twentysixteen-child/inc/customizer.php): Failed to open stream: No such file or directory in C:\xampp\htdocs\customizer\wp-content\themes\twentysixteen-child\functions.php on line 10
[22-Jul-2024 07:32:48 UTC] PHP Fatal error:  Uncaught Error: Failed opening required 'C:\xampp\htdocs\customizer/wp-content/themes/twentysixteen-child/inc/customizer.php' (include_path='C:\xampp\php\PEAR') in C:\xampp\htdocs\customizer\wp-content\themes\twentysixteen-child\functions.php:10
Stack trace:
#0 C:\xampp\htdocs\customizer\wp-settings.php(668): include()
#1 C:\xampp\htdocs\customizer\wp-config.php(98): require_once('C:\\xampp\\htdocs...')
#2 C:\xampp\htdocs\customizer\wp-load.php(50): require_once('C:\\xampp\\htdocs...')
#3 C:\xampp\htdocs\customizer\wp-admin\admin.php(34): require_once('C:\\xampp\\htdocs...')
#4 C:\xampp\htdocs\customizer\wp-admin\customize.php(13): require_once('C:\\xampp\\htdocs...')
#5 {main}
  thrown in C:\xampp\htdocs\customizer\wp-content\themes\twentysixteen-child\functions.php on line 10
[22-Jul-2024 07:32:48 UTC] PHP Warning:  Trying to access array offset on value of type bool in C:\xampp\htdocs\customizer\wp-includes\class-wp-recovery-mode-email-service.php on line 367
[22-Jul-2024 07:32:48 UTC] PHP Warning:  Trying to access array offset on value of type bool in C:\xampp\htdocs\customizer\wp-includes\class-wp-recovery-mode-email-service.php on line 368
[22-Jul-2024 07:32:50 UTC] PHP Warning:  require(C:\xampp\htdocs\customizer\wp-content\themes\twentysixteen-child\inc\customizer.php): Failed to open stream: No such file or directory in C:\xampp\htdocs\customizer\wp-content\themes\twentysixteen-child\functions.php on line 10
[22-Jul-2024 07:32:50 UTC] PHP Fatal error:  Uncaught Error: Failed opening required 'C:\xampp\htdocs\customizer/wp-content/themes/twentysixteen-child/inc/customizer.php' (include_path='C:\xampp\php\PEAR') in C:\xampp\htdocs\customizer\wp-content\themes\twentysixteen-child\functions.php:10
Stack trace:
#0 C:\xampp\htdocs\customizer\wp-settings.php(668): include()
#1 C:\xampp\htdocs\customizer\wp-config.php(98): require_once('C:\\xampp\\htdocs...')
#2 C:\xampp\htdocs\customizer\wp-load.php(50): require_once('C:\\xampp\\htdocs...')
#3 C:\xampp\htdocs\customizer\wp-admin\admin.php(34): require_once('C:\\xampp\\htdocs...')
#4 C:\xampp\htdocs\customizer\wp-admin\plugins.php(10): require_once('C:\\xampp\\htdocs...')
#5 {main}
  thrown in C:\xampp\htdocs\customizer\wp-content\themes\twentysixteen-child\functions.php on line 10
[22-Jul-2024 07:32:52 UTC] PHP Warning:  require(C:\xampp\htdocs\customizer/wp-content/themes/twentysixteen-child/inc/customizer.php): Failed to open stream: No such file or directory in C:\xampp\htdocs\customizer\wp-content\themes\twentysixteen-child\functions.php on line 10
[22-Jul-2024 07:32:52 UTC] PHP Fatal error:  Uncaught Error: Failed opening required 'C:\xampp\htdocs\customizer/wp-content/themes/twentysixteen-child/inc/customizer.php' (include_path='C:\xampp\php\PEAR') in C:\xampp\htdocs\customizer\wp-content\themes\twentysixteen-child\functions.php:10
Stack trace:
#0 C:\xampp\htdocs\customizer\wp-settings.php(668): include()
#1 C:\xampp\htdocs\customizer\wp-config.php(98): require_once('C:\\xampp\\htdocs...')
#2 C:\xampp\htdocs\customizer\wp-load.php(50): require_once('C:\\xampp\\htdocs...')
#3 C:\xampp\htdocs\customizer\wp-admin\admin.php(34): require_once('C:\\xampp\\htdocs...')
#4 C:\xampp\htdocs\customizer\wp-admin\customize.php(13): require_once('C:\\xampp\\htdocs...')
#5 {main}
  thrown in C:\xampp\htdocs\customizer\wp-content\themes\twentysixteen-child\functions.php on line 10
[22-Jul-2024 07:51:02 UTC] PHP Parse error:  Unmatched ']' in C:\xampp\htdocs\customizer\wp-content\plugins\Panel-plugin\panel-plugin.php on line 14
[22-Jul-2024 07:53:03 UTC] PHP Parse error:  Unclosed '{' on line 9 in C:\xampp\htdocs\customizer\wp-content\plugins\Panel-plugin\panel-plugin.php on line 74
[22-Jul-2024 08:27:58 UTC] PHP Fatal error:  Uncaught Error: Call to undefined function is_plugin_active() in C:\xampp\htdocs\customizer\wp-content\plugins\Panel-plugin\panel-plugin.php:19
Stack trace:
#0 C:\xampp\htdocs\customizer\wp-settings.php(522): include_once()
#1 C:\xampp\htdocs\customizer\wp-config.php(98): require_once('C:\\xampp\\htdocs...')
#2 C:\xampp\htdocs\customizer\wp-load.php(50): require_once('C:\\xampp\\htdocs...')
#3 C:\xampp\htdocs\customizer\wp-admin\admin.php(34): require_once('C:\\xampp\\htdocs...')
#4 C:\xampp\htdocs\customizer\wp-admin\plugins.php(10): require_once('C:\\xampp\\htdocs...')
#5 {main}
  thrown in C:\xampp\htdocs\customizer\wp-content\plugins\Panel-plugin\panel-plugin.php on line 19
[22-Jul-2024 08:28:00 UTC] PHP Fatal error:  Uncaught Error: Call to undefined function is_plugin_active() in C:\xampp\htdocs\customizer\wp-content\plugins\Panel-plugin\panel-plugin.php:19
Stack trace:
#0 C:\xampp\htdocs\customizer\wp-settings.php(522): include_once()
#1 C:\xampp\htdocs\customizer\wp-config.php(98): require_once('C:\\xampp\\htdocs...')
#2 C:\xampp\htdocs\customizer\wp-load.php(50): require_once('C:\\xampp\\htdocs...')
#3 C:\xampp\htdocs\customizer\wp-admin\admin.php(34): require_once('C:\\xampp\\htdocs...')
#4 C:\xampp\htdocs\customizer\wp-admin\plugins.php(10): require_once('C:\\xampp\\htdocs...')
#5 {main}
  thrown in C:\xampp\htdocs\customizer\wp-content\plugins\Panel-plugin\panel-plugin.php on line 19
[22-Jul-2024 08:28:44 UTC] PHP Fatal error:  Uncaught Error: Call to undefined function is_plugin_active() in C:\xampp\htdocs\customizer\wp-content\plugins\Panel-plugin\panel-plugin.php:9
Stack trace:
#0 C:\xampp\htdocs\customizer\wp-settings.php(522): include_once()
#1 C:\xampp\htdocs\customizer\wp-config.php(98): require_once('C:\\xampp\\htdocs...')
#2 C:\xampp\htdocs\customizer\wp-load.php(50): require_once('C:\\xampp\\htdocs...')
#3 C:\xampp\htdocs\customizer\wp-admin\admin.php(34): require_once('C:\\xampp\\htdocs...')
#4 C:\xampp\htdocs\customizer\wp-admin\plugins.php(10): require_once('C:\\xampp\\htdocs...')
#5 {main}
  thrown in C:\xampp\htdocs\customizer\wp-content\plugins\Panel-plugin\panel-plugin.php on line 9
[22-Jul-2024 08:28:46 UTC] PHP Fatal error:  Uncaught Error: Call to undefined function is_plugin_active() in C:\xampp\htdocs\customizer\wp-content\plugins\Panel-plugin\panel-plugin.php:9
Stack trace:
#0 C:\xampp\htdocs\customizer\wp-settings.php(522): include_once()
#1 C:\xampp\htdocs\customizer\wp-config.php(98): require_once('C:\\xampp\\htdocs...')
#2 C:\xampp\htdocs\customizer\wp-load.php(50): require_once('C:\\xampp\\htdocs...')
#3 C:\xampp\htdocs\customizer\wp-admin\admin.php(34): require_once('C:\\xampp\\htdocs...')
#4 C:\xampp\htdocs\customizer\wp-admin\plugins.php(10): require_once('C:\\xampp\\htdocs...')
#5 {main}
  thrown in C:\xampp\htdocs\customizer\wp-content\plugins\Panel-plugin\panel-plugin.php on line 9
[22-Jul-2024 08:28:47 UTC] PHP Fatal error:  Uncaught Error: Call to undefined function is_plugin_active() in C:\xampp\htdocs\customizer\wp-content\plugins\Panel-plugin\panel-plugin.php:9
Stack trace:
#0 C:\xampp\htdocs\customizer\wp-settings.php(522): include_once()
#1 C:\xampp\htdocs\customizer\wp-config.php(98): require_once('C:\\xampp\\htdocs...')
#2 C:\xampp\htdocs\customizer\wp-load.php(50): require_once('C:\\xampp\\htdocs...')
#3 C:\xampp\htdocs\customizer\wp-admin\admin.php(34): require_once('C:\\xampp\\htdocs...')
#4 C:\xampp\htdocs\customizer\wp-admin\plugins.php(10): require_once('C:\\xampp\\htdocs...')
#5 {main}
  thrown in C:\xampp\htdocs\customizer\wp-content\plugins\Panel-plugin\panel-plugin.php on line 9
[22-Jul-2024 08:28:49 UTC] PHP Fatal error:  Uncaught Error: Call to undefined function is_plugin_active() in C:\xampp\htdocs\customizer\wp-content\plugins\Panel-plugin\panel-plugin.php:9
Stack trace:
#0 C:\xampp\htdocs\customizer\wp-settings.php(522): include_once()
#1 C:\xampp\htdocs\customizer\wp-config.php(98): require_once('C:\\xampp\\htdocs...')
#2 C:\xampp\htdocs\customizer\wp-load.php(50): require_once('C:\\xampp\\htdocs...')
#3 C:\xampp\htdocs\customizer\wp-admin\admin.php(34): require_once('C:\\xampp\\htdocs...')
#4 C:\xampp\htdocs\customizer\wp-admin\plugins.php(10): require_once('C:\\xampp\\htdocs...')
#5 {main}
  thrown in C:\xampp\htdocs\customizer\wp-content\plugins\Panel-plugin\panel-plugin.php on line 9
[22-Jul-2024 08:28:50 UTC] PHP Fatal error:  Uncaught Error: Call to undefined function is_plugin_active() in C:\xampp\htdocs\customizer\wp-content\plugins\Panel-plugin\panel-plugin.php:9
Stack trace:
#0 C:\xampp\htdocs\customizer\wp-settings.php(522): include_once()
#1 C:\xampp\htdocs\customizer\wp-config.php(98): require_once('C:\\xampp\\htdocs...')
#2 C:\xampp\htdocs\customizer\wp-load.php(50): require_once('C:\\xampp\\htdocs...')
#3 C:\xampp\htdocs\customizer\wp-admin\admin.php(34): require_once('C:\\xampp\\htdocs...')
#4 C:\xampp\htdocs\customizer\wp-admin\plugins.php(10): require_once('C:\\xampp\\htdocs...')
#5 {main}
  thrown in C:\xampp\htdocs\customizer\wp-content\plugins\Panel-plugin\panel-plugin.php on line 9
[22-Jul-2024 08:28:50 UTC] PHP Fatal error:  Uncaught Error: Call to undefined function is_plugin_active() in C:\xampp\htdocs\customizer\wp-content\plugins\Panel-plugin\panel-plugin.php:9
Stack trace:
#0 C:\xampp\htdocs\customizer\wp-settings.php(522): include_once()
#1 C:\xampp\htdocs\customizer\wp-config.php(98): require_once('C:\\xampp\\htdocs...')
#2 C:\xampp\htdocs\customizer\wp-load.php(50): require_once('C:\\xampp\\htdocs...')
#3 C:\xampp\htdocs\customizer\wp-admin\admin.php(34): require_once('C:\\xampp\\htdocs...')
#4 C:\xampp\htdocs\customizer\wp-admin\plugins.php(10): require_once('C:\\xampp\\htdocs...')
#5 {main}
  thrown in C:\xampp\htdocs\customizer\wp-content\plugins\Panel-plugin\panel-plugin.php on line 9
[22-Jul-2024 08:29:00 UTC] PHP Fatal error:  Uncaught Error: Call to undefined function is_plugin_active() in C:\xampp\htdocs\customizer\wp-content\plugins\Panel-plugin\panel-plugin.php:32
Stack trace:
#0 C:\xampp\htdocs\customizer\wp-content\plugins\Panel-plugin\panel-plugin.php(37): activate_required_plugins()
#1 C:\xampp\htdocs\customizer\wp-settings.php(522): include_once('C:\\xampp\\htdocs...')
#2 C:\xampp\htdocs\customizer\wp-config.php(98): require_once('C:\\xampp\\htdocs...')
#3 C:\xampp\htdocs\customizer\wp-load.php(50): require_once('C:\\xampp\\htdocs...')
#4 C:\xampp\htdocs\customizer\wp-admin\admin.php(34): require_once('C:\\xampp\\htdocs...')
#5 C:\xampp\htdocs\customizer\wp-admin\plugins.php(10): require_once('C:\\xampp\\htdocs...')
#6 {main}
  thrown in C:\xampp\htdocs\customizer\wp-content\plugins\Panel-plugin\panel-plugin.php on line 32
[22-Jul-2024 08:29:02 UTC] PHP Fatal error:  Uncaught Error: Call to undefined function is_plugin_active() in C:\xampp\htdocs\customizer\wp-content\plugins\Panel-plugin\panel-plugin.php:32
Stack trace:
#0 C:\xampp\htdocs\customizer\wp-content\plugins\Panel-plugin\panel-plugin.php(37): activate_required_plugins()
#1 C:\xampp\htdocs\customizer\wp-settings.php(522): include_once('C:\\xampp\\htdocs...')
#2 C:\xampp\htdocs\customizer\wp-config.php(98): require_once('C:\\xampp\\htdocs...')
#3 C:\xampp\htdocs\customizer\wp-load.php(50): require_once('C:\\xampp\\htdocs...')
#4 C:\xampp\htdocs\customizer\wp-admin\admin.php(34): require_once('C:\\xampp\\htdocs...')
#5 C:\xampp\htdocs\customizer\wp-admin\plugins.php(10): require_once('C:\\xampp\\htdocs...')
#6 {main}
  thrown in C:\xampp\htdocs\customizer\wp-content\plugins\Panel-plugin\panel-plugin.php on line 32
[22-Jul-2024 08:29:02 UTC] PHP Fatal error:  Uncaught Error: Call to undefined function is_plugin_active() in C:\xampp\htdocs\customizer\wp-content\plugins\Panel-plugin\panel-plugin.php:32
Stack trace:
#0 C:\xampp\htdocs\customizer\wp-content\plugins\Panel-plugin\panel-plugin.php(37): activate_required_plugins()
#1 C:\xampp\htdocs\customizer\wp-settings.php(522): include_once('C:\\xampp\\htdocs...')
#2 C:\xampp\htdocs\customizer\wp-config.php(98): require_once('C:\\xampp\\htdocs...')
#3 C:\xampp\htdocs\customizer\wp-load.php(50): require_once('C:\\xampp\\htdocs...')
#4 C:\xampp\htdocs\customizer\wp-admin\admin.php(34): require_once('C:\\xampp\\htdocs...')
#5 C:\xampp\htdocs\customizer\wp-admin\customize.php(13): require_once('C:\\xampp\\htdocs...')
#6 {main}
  thrown in C:\xampp\htdocs\customizer\wp-content\plugins\Panel-plugin\panel-plugin.php on line 32
[22-Jul-2024 08:29:02 UTC] PHP Fatal error:  Uncaught Error: Call to undefined function is_plugin_active() in C:\xampp\htdocs\customizer\wp-content\plugins\Panel-plugin\panel-plugin.php:32
Stack trace:
#0 C:\xampp\htdocs\customizer\wp-content\plugins\Panel-plugin\panel-plugin.php(37): activate_required_plugins()
#1 C:\xampp\htdocs\customizer\wp-settings.php(522): include_once('C:\\xampp\\htdocs...')
#2 C:\xampp\htdocs\customizer\wp-config.php(98): require_once('C:\\xampp\\htdocs...')
#3 C:\xampp\htdocs\customizer\wp-load.php(50): require_once('C:\\xampp\\htdocs...')
#4 C:\xampp\htdocs\customizer\wp-admin\admin.php(34): require_once('C:\\xampp\\htdocs...')
#5 C:\xampp\htdocs\customizer\wp-admin\plugins.php(10): require_once('C:\\xampp\\htdocs...')
#6 {main}
  thrown in C:\xampp\htdocs\customizer\wp-content\plugins\Panel-plugin\panel-plugin.php on line 32
[22-Jul-2024 08:29:02 UTC] PHP Fatal error:  Uncaught Error: Call to undefined function is_plugin_active() in C:\xampp\htdocs\customizer\wp-content\plugins\Panel-plugin\panel-plugin.php:32
Stack trace:
#0 C:\xampp\htdocs\customizer\wp-content\plugins\Panel-plugin\panel-plugin.php(37): activate_required_plugins()
#1 C:\xampp\htdocs\customizer\wp-settings.php(522): include_once('C:\\xampp\\htdocs...')
#2 C:\xampp\htdocs\customizer\wp-config.php(98): require_once('C:\\xampp\\htdocs...')
#3 C:\xampp\htdocs\customizer\wp-load.php(50): require_once('C:\\xampp\\htdocs...')
#4 C:\xampp\htdocs\customizer\wp-admin\admin.php(34): require_once('C:\\xampp\\htdocs...')
#5 C:\xampp\htdocs\customizer\wp-admin\plugins.php(10): require_once('C:\\xampp\\htdocs...')
#6 {main}
  thrown in C:\xampp\htdocs\customizer\wp-content\plugins\Panel-plugin\panel-plugin.php on line 32
[22-Jul-2024 08:29:02 UTC] PHP Fatal error:  Uncaught Error: Call to undefined function is_plugin_active() in C:\xampp\htdocs\customizer\wp-content\plugins\Panel-plugin\panel-plugin.php:32
Stack trace:
#0 C:\xampp\htdocs\customizer\wp-content\plugins\Panel-plugin\panel-plugin.php(37): activate_required_plugins()
#1 C:\xampp\htdocs\customizer\wp-settings.php(522): include_once('C:\\xampp\\htdocs...')
#2 C:\xampp\htdocs\customizer\wp-config.php(98): require_once('C:\\xampp\\htdocs...')
#3 C:\xampp\htdocs\customizer\wp-load.php(50): require_once('C:\\xampp\\htdocs...')
#4 C:\xampp\htdocs\customizer\wp-admin\admin.php(34): require_once('C:\\xampp\\htdocs...')
#5 C:\xampp\htdocs\customizer\wp-admin\plugins.php(10): require_once('C:\\xampp\\htdocs...')
#6 {main}
  thrown in C:\xampp\htdocs\customizer\wp-content\plugins\Panel-plugin\panel-plugin.php on line 32
[22-Jul-2024 08:29:03 UTC] PHP Fatal error:  Uncaught Error: Call to undefined function is_plugin_active() in C:\xampp\htdocs\customizer\wp-content\plugins\Panel-plugin\panel-plugin.php:32
Stack trace:
#0 C:\xampp\htdocs\customizer\wp-content\plugins\Panel-plugin\panel-plugin.php(37): activate_required_plugins()
#1 C:\xampp\htdocs\customizer\wp-settings.php(522): include_once('C:\\xampp\\htdocs...')
#2 C:\xampp\htdocs\customizer\wp-config.php(98): require_once('C:\\xampp\\htdocs...')
#3 C:\xampp\htdocs\customizer\wp-load.php(50): require_once('C:\\xampp\\htdocs...')
#4 C:\xampp\htdocs\customizer\wp-admin\admin.php(34): require_once('C:\\xampp\\htdocs...')
#5 C:\xampp\htdocs\customizer\wp-admin\plugins.php(10): require_once('C:\\xampp\\htdocs...')
#6 {main}
  thrown in C:\xampp\htdocs\customizer\wp-content\plugins\Panel-plugin\panel-plugin.php on line 32
[22-Jul-2024 08:29:04 UTC] PHP Fatal error:  Uncaught Error: Call to undefined function is_plugin_active() in C:\xampp\htdocs\customizer\wp-content\plugins\Panel-plugin\panel-plugin.php:32
Stack trace:
#0 C:\xampp\htdocs\customizer\wp-content\plugins\Panel-plugin\panel-plugin.php(37): activate_required_plugins()
#1 C:\xampp\htdocs\customizer\wp-settings.php(522): include_once('C:\\xampp\\htdocs...')
#2 C:\xampp\htdocs\customizer\wp-config.php(98): require_once('C:\\xampp\\htdocs...')
#3 C:\xampp\htdocs\customizer\wp-load.php(50): require_once('C:\\xampp\\htdocs...')
#4 C:\xampp\htdocs\customizer\wp-admin\admin.php(34): require_once('C:\\xampp\\htdocs...')
#5 C:\xampp\htdocs\customizer\wp-admin\plugins.php(10): require_once('C:\\xampp\\htdocs...')
#6 {main}
  thrown in C:\xampp\htdocs\customizer\wp-content\plugins\Panel-plugin\panel-plugin.php on line 32
[22-Jul-2024 08:29:04 UTC] PHP Fatal error:  Uncaught Error: Call to undefined function is_plugin_active() in C:\xampp\htdocs\customizer\wp-content\plugins\Panel-plugin\panel-plugin.php:32
Stack trace:
#0 C:\xampp\htdocs\customizer\wp-content\plugins\Panel-plugin\panel-plugin.php(37): activate_required_plugins()
#1 C:\xampp\htdocs\customizer\wp-settings.php(522): include_once('C:\\xampp\\htdocs...')
#2 C:\xampp\htdocs\customizer\wp-config.php(98): require_once('C:\\xampp\\htdocs...')
#3 C:\xampp\htdocs\customizer\wp-load.php(50): require_once('C:\\xampp\\htdocs...')
#4 C:\xampp\htdocs\customizer\wp-admin\admin.php(34): require_once('C:\\xampp\\htdocs...')
#5 C:\xampp\htdocs\customizer\wp-admin\customize.php(13): require_once('C:\\xampp\\htdocs...')
#6 {main}
  thrown in C:\xampp\htdocs\customizer\wp-content\plugins\Panel-plugin\panel-plugin.php on line 32
[22-Jul-2024 08:29:04 UTC] PHP Fatal error:  Uncaught Error: Call to undefined function is_plugin_active() in C:\xampp\htdocs\customizer\wp-content\plugins\Panel-plugin\panel-plugin.php:32
Stack trace:
#0 C:\xampp\htdocs\customizer\wp-content\plugins\Panel-plugin\panel-plugin.php(37): activate_required_plugins()
#1 C:\xampp\htdocs\customizer\wp-settings.php(522): include_once('C:\\xampp\\htdocs...')
#2 C:\xampp\htdocs\customizer\wp-config.php(98): require_once('C:\\xampp\\htdocs...')
#3 C:\xampp\htdocs\customizer\wp-load.php(50): require_once('C:\\xampp\\htdocs...')
#4 C:\xampp\htdocs\customizer\wp-admin\admin.php(34): require_once('C:\\xampp\\htdocs...')
#5 C:\xampp\htdocs\customizer\wp-admin\plugins.php(10): require_once('C:\\xampp\\htdocs...')
#6 {main}
  thrown in C:\xampp\htdocs\customizer\wp-content\plugins\Panel-plugin\panel-plugin.php on line 32
[22-Jul-2024 08:29:04 UTC] PHP Fatal error:  Uncaught Error: Call to undefined function is_plugin_active() in C:\xampp\htdocs\customizer\wp-content\plugins\Panel-plugin\panel-plugin.php:32
Stack trace:
#0 C:\xampp\htdocs\customizer\wp-content\plugins\Panel-plugin\panel-plugin.php(37): activate_required_plugins()
#1 C:\xampp\htdocs\customizer\wp-settings.php(522): include_once('C:\\xampp\\htdocs...')
#2 C:\xampp\htdocs\customizer\wp-config.php(98): require_once('C:\\xampp\\htdocs...')
#3 C:\xampp\htdocs\customizer\wp-load.php(50): require_once('C:\\xampp\\htdocs...')
#4 C:\xampp\htdocs\customizer\wp-admin\admin.php(34): require_once('C:\\xampp\\htdocs...')
#5 C:\xampp\htdocs\customizer\wp-admin\plugins.php(10): require_once('C:\\xampp\\htdocs...')
#6 {main}
  thrown in C:\xampp\htdocs\customizer\wp-content\plugins\Panel-plugin\panel-plugin.php on line 32
[22-Jul-2024 08:29:04 UTC] PHP Fatal error:  Uncaught Error: Call to undefined function is_plugin_active() in C:\xampp\htdocs\customizer\wp-content\plugins\Panel-plugin\panel-plugin.php:32
Stack trace:
#0 C:\xampp\htdocs\customizer\wp-content\plugins\Panel-plugin\panel-plugin.php(37): activate_required_plugins()
#1 C:\xampp\htdocs\customizer\wp-settings.php(522): include_once('C:\\xampp\\htdocs...')
#2 C:\xampp\htdocs\customizer\wp-config.php(98): require_once('C:\\xampp\\htdocs...')
#3 C:\xampp\htdocs\customizer\wp-load.php(50): require_once('C:\\xampp\\htdocs...')
#4 C:\xampp\htdocs\customizer\wp-admin\admin.php(34): require_once('C:\\xampp\\htdocs...')
#5 C:\xampp\htdocs\customizer\wp-admin\plugins.php(10): require_once('C:\\xampp\\htdocs...')
#6 {main}
  thrown in C:\xampp\htdocs\customizer\wp-content\plugins\Panel-plugin\panel-plugin.php on line 32
[22-Jul-2024 08:29:07 UTC] PHP Fatal error:  Uncaught Error: Call to undefined function is_plugin_active() in C:\xampp\htdocs\customizer\wp-content\plugins\Panel-plugin\panel-plugin.php:32
Stack trace:
#0 C:\xampp\htdocs\customizer\wp-content\plugins\Panel-plugin\panel-plugin.php(37): activate_required_plugins()
#1 C:\xampp\htdocs\customizer\wp-settings.php(522): include_once('C:\\xampp\\htdocs...')
#2 C:\xampp\htdocs\customizer\wp-config.php(98): require_once('C:\\xampp\\htdocs...')
#3 C:\xampp\htdocs\customizer\wp-load.php(50): require_once('C:\\xampp\\htdocs...')
#4 C:\xampp\htdocs\customizer\wp-admin\admin.php(34): require_once('C:\\xampp\\htdocs...')
#5 C:\xampp\htdocs\customizer\wp-admin\plugins.php(10): require_once('C:\\xampp\\htdocs...')
#6 {main}
  thrown in C:\xampp\htdocs\customizer\wp-content\plugins\Panel-plugin\panel-plugin.php on line 32
[22-Jul-2024 08:29:10 UTC] PHP Fatal error:  Uncaught Error: Call to undefined function is_plugin_active() in C:\xampp\htdocs\customizer\wp-content\plugins\Panel-plugin\panel-plugin.php:32
Stack trace:
#0 C:\xampp\htdocs\customizer\wp-content\plugins\Panel-plugin\panel-plugin.php(37): activate_required_plugins()
#1 C:\xampp\htdocs\customizer\wp-settings.php(522): include_once('C:\\xampp\\htdocs...')
#2 C:\xampp\htdocs\customizer\wp-config.php(98): require_once('C:\\xampp\\htdocs...')
#3 C:\xampp\htdocs\customizer\wp-load.php(50): require_once('C:\\xampp\\htdocs...')
#4 C:\xampp\htdocs\customizer\wp-blog-header.php(13): require_once('C:\\xampp\\htdocs...')
#5 C:\xampp\htdocs\customizer\index.php(17): require('C:\\xampp\\htdocs...')
#6 {main}
  thrown in C:\xampp\htdocs\customizer\wp-content\plugins\Panel-plugin\panel-plugin.php on line 32
[22-Jul-2024 09:58:13 UTC] PHP Fatal error:  Uncaught Error: Call to undefined function is_plugin_active() in C:\xampp\htdocs\customizer\wp-content\plugins\color-plugin\color-plugin.php:8
Stack trace:
#0 C:\xampp\htdocs\customizer\wp-settings.php(522): include_once()
#1 C:\xampp\htdocs\customizer\wp-config.php(98): require_once('C:\\xampp\\htdocs...')
#2 C:\xampp\htdocs\customizer\wp-load.php(50): require_once('C:\\xampp\\htdocs...')
#3 C:\xampp\htdocs\customizer\wp-admin\admin-ajax.php(22): require_once('C:\\xampp\\htdocs...')
#4 {main}
  thrown in C:\xampp\htdocs\customizer\wp-content\plugins\color-plugin\color-plugin.php on line 8
[22-Jul-2024 09:59:46 UTC] PHP Fatal error:  Cannot redeclare check_panel_plugin_activation() (previously declared in C:\xampp\htdocs\customizer\wp-content\plugins\footer-plugin\footer-plugin.php:10) in C:\xampp\htdocs\customizer\wp-content\plugins\text-plugin\text-plugin.php on line 14
[22-Jul-2024 10:00:21 UTC] PHP Fatal error:  Uncaught TypeError: call_user_func_array(): Argument #1 ($callback) must be a valid callback, function "panel_plugin_activation" not found or invalid function name in C:\xampp\htdocs\customizer\wp-includes\class-wp-hook.php:324
Stack trace:
#0 C:\xampp\htdocs\customizer\wp-includes\class-wp-hook.php(348): WP_Hook->apply_filters(NULL, Array)
#1 C:\xampp\htdocs\customizer\wp-includes\plugin.php(517): WP_Hook->do_action(Array)
#2 C:\xampp\htdocs\customizer\wp-admin\admin.php(175): do_action('admin_init')
#3 C:\xampp\htdocs\customizer\wp-admin\plugins.php(10): require_once('C:\\xampp\\htdocs...')
#4 {main}
  thrown in C:\xampp\htdocs\customizer\wp-includes\class-wp-hook.php on line 324
[22-Jul-2024 10:00:23 UTC] PHP Fatal error:  Uncaught TypeError: call_user_func_array(): Argument #1 ($callback) must be a valid callback, function "panel_plugin_activation" not found or invalid function name in C:\xampp\htdocs\customizer\wp-includes\class-wp-hook.php:324
Stack trace:
#0 C:\xampp\htdocs\customizer\wp-includes\class-wp-hook.php(348): WP_Hook->apply_filters(NULL, Array)
#1 C:\xampp\htdocs\customizer\wp-includes\plugin.php(517): WP_Hook->do_action(Array)
#2 C:\xampp\htdocs\customizer\wp-admin\admin.php(175): do_action('admin_init')
#3 C:\xampp\htdocs\customizer\wp-admin\plugins.php(10): require_once('C:\\xampp\\htdocs...')
#4 {main}
  thrown in C:\xampp\htdocs\customizer\wp-includes\class-wp-hook.php on line 324
[22-Jul-2024 10:00:32 UTC] PHP Fatal error:  Uncaught TypeError: call_user_func_array(): Argument #1 ($callback) must be a valid callback, function "panel_plugin_activation" not found or invalid function name in C:\xampp\htdocs\customizer\wp-includes\class-wp-hook.php:324
Stack trace:
#0 C:\xampp\htdocs\customizer\wp-includes\class-wp-hook.php(348): WP_Hook->apply_filters(NULL, Array)
#1 C:\xampp\htdocs\customizer\wp-includes\plugin.php(517): WP_Hook->do_action(Array)
#2 C:\xampp\htdocs\customizer\wp-admin\admin.php(175): do_action('admin_init')
#3 C:\xampp\htdocs\customizer\wp-admin\index.php(10): require_once('C:\\xampp\\htdocs...')
#4 {main}
  thrown in C:\xampp\htdocs\customizer\wp-includes\class-wp-hook.php on line 324
[22-Jul-2024 10:01:04 UTC] PHP Fatal error:  Uncaught TypeError: call_user_func_array(): Argument #1 ($callback) must be a valid callback, function "panel_plugin_activation" not found or invalid function name in C:\xampp\htdocs\customizer\wp-includes\class-wp-hook.php:324
Stack trace:
#0 C:\xampp\htdocs\customizer\wp-includes\class-wp-hook.php(348): WP_Hook->apply_filters(NULL, Array)
#1 C:\xampp\htdocs\customizer\wp-includes\plugin.php(517): WP_Hook->do_action(Array)
#2 C:\xampp\htdocs\customizer\wp-admin\admin.php(175): do_action('admin_init')
#3 C:\xampp\htdocs\customizer\wp-admin\index.php(10): require_once('C:\\xampp\\htdocs...')
#4 {main}
  thrown in C:\xampp\htdocs\customizer\wp-includes\class-wp-hook.php on line 324
[22-Jul-2024 10:01:09 UTC] PHP Fatal error:  Uncaught TypeError: call_user_func_array(): Argument #1 ($callback) must be a valid callback, function "panel_plugin_activation" not found or invalid function name in C:\xampp\htdocs\customizer\wp-includes\class-wp-hook.php:324
Stack trace:
#0 C:\xampp\htdocs\customizer\wp-includes\class-wp-hook.php(348): WP_Hook->apply_filters(false, Array)
#1 C:\xampp\htdocs\customizer\wp-includes\plugin.php(517): WP_Hook->do_action(Array)
#2 C:\xampp\htdocs\customizer\wp-admin\admin.php(175): do_action('admin_init')
#3 C:\xampp\htdocs\customizer\wp-admin\customize.php(13): require_once('C:\\xampp\\htdocs...')
#4 {main}
  thrown in C:\xampp\htdocs\customizer\wp-includes\class-wp-hook.php on line 324
[22-Jul-2024 10:02:32 UTC] PHP Fatal error:  Cannot redeclare check_panel_plugin_activation() (previously declared in C:\xampp\htdocs\customizer\wp-content\plugins\color-plugin\color-plugin.php:9) in C:\xampp\htdocs\customizer\wp-content\plugins\text-plugin\text-plugin.php on line 14
[22-Jul-2024 10:02:35 UTC] PHP Fatal error:  Cannot redeclare check_panel_plugin_activation() (previously declared in C:\xampp\htdocs\customizer\wp-content\plugins\color-plugin\color-plugin.php:9) in C:\xampp\htdocs\customizer\wp-content\plugins\text-plugin\text-plugin.php on line 14
[22-Jul-2024 10:22:40 UTC] PHP Warning:  include_once(C:\xampp\htdocs\customizer\wp-content\plugins\text-plugin/custom-controls/my-customize-textarea-control.php): Failed to open stream: No such file or directory in C:\xampp\htdocs\customizer\wp-content\plugins\text-plugin\text-plugin.php on line 23
[22-Jul-2024 10:22:40 UTC] PHP Warning:  include_once(): Failed opening 'C:\xampp\htdocs\customizer\wp-content\plugins\text-plugin/custom-controls/my-customize-textarea-control.php' for inclusion (include_path='C:\xampp\php\PEAR') in C:\xampp\htdocs\customizer\wp-content\plugins\text-plugin\text-plugin.php on line 23
[22-Jul-2024 10:22:40 UTC] PHP Fatal error:  Uncaught Error: Class "Customize_Textarea_Control" not found in C:\xampp\htdocs\customizer\wp-content\plugins\text-plugin\text-plugin.php:37
Stack trace:
#0 C:\xampp\htdocs\customizer\wp-includes\class-wp-hook.php(324): my_text_customization(Object(WP_Customize_Manager))
#1 C:\xampp\htdocs\customizer\wp-includes\class-wp-hook.php(348): WP_Hook->apply_filters(NULL, Array)
#2 C:\xampp\htdocs\customizer\wp-includes\plugin.php(517): WP_Hook->do_action(Array)
#3 C:\xampp\htdocs\customizer\wp-includes\class-wp-customize-manager.php(947): do_action('customize_regis...', Object(WP_Customize_Manager))
#4 C:\xampp\htdocs\customizer\wp-includes\class-wp-hook.php(324): WP_Customize_Manager->wp_loaded('')
#5 C:\xampp\htdocs\customizer\wp-includes\class-wp-hook.php(348): WP_Hook->apply_filters(NULL, Array)
#6 C:\xampp\htdocs\customizer\wp-includes\plugin.php(517): WP_Hook->do_action(Array)
#7 C:\xampp\htdocs\customizer\wp-settings.php(722): do_action('wp_loaded')
#8 C:\xampp\htdocs\customizer\wp-config.php(98): require_once('C:\\xampp\\htdocs...')
#9 C:\xampp\htdocs\customizer\wp-load.php(50): require_once('C:\\xampp\\htdocs...')
#10 C:\xampp\htdocs\customizer\wp-admin\admin-ajax.php(22): require_once('C:\\xampp\\htdocs...')
#11 {main}
  thrown in C:\xampp\htdocs\customizer\wp-content\plugins\text-plugin\text-plugin.php on line 37
[22-Jul-2024 10:23:07 UTC] PHP Warning:  include_once(C:\xampp\htdocs\customizer\wp-content\plugins\text-plugincustom-textarea.php): Failed to open stream: No such file or directory in C:\xampp\htdocs\customizer\wp-content\plugins\text-plugin\text-plugin.php on line 23
[22-Jul-2024 10:23:07 UTC] PHP Warning:  include_once(): Failed opening 'C:\xampp\htdocs\customizer\wp-content\plugins\text-plugincustom-textarea.php' for inclusion (include_path='C:\xampp\php\PEAR') in C:\xampp\htdocs\customizer\wp-content\plugins\text-plugin\text-plugin.php on line 23
[22-Jul-2024 10:23:07 UTC] PHP Fatal error:  Uncaught Error: Class "Customize_Textarea_Control" not found in C:\xampp\htdocs\customizer\wp-content\plugins\text-plugin\text-plugin.php:37
Stack trace:
#0 C:\xampp\htdocs\customizer\wp-includes\class-wp-hook.php(324): my_text_customization(Object(WP_Customize_Manager))
#1 C:\xampp\htdocs\customizer\wp-includes\class-wp-hook.php(348): WP_Hook->apply_filters(NULL, Array)
#2 C:\xampp\htdocs\customizer\wp-includes\plugin.php(517): WP_Hook->do_action(Array)
#3 C:\xampp\htdocs\customizer\wp-includes\class-wp-customize-manager.php(947): do_action('customize_regis...', Object(WP_Customize_Manager))
#4 C:\xampp\htdocs\customizer\wp-includes\class-wp-hook.php(324): WP_Customize_Manager->wp_loaded('')
#5 C:\xampp\htdocs\customizer\wp-includes\class-wp-hook.php(348): WP_Hook->apply_filters(NULL, Array)
#6 C:\xampp\htdocs\customizer\wp-includes\plugin.php(517): WP_Hook->do_action(Array)
#7 C:\xampp\htdocs\customizer\wp-settings.php(722): do_action('wp_loaded')
#8 C:\xampp\htdocs\customizer\wp-config.php(98): require_once('C:\\xampp\\htdocs...')
#9 C:\xampp\htdocs\customizer\wp-load.php(50): require_once('C:\\xampp\\htdocs...')
#10 C:\xampp\htdocs\customizer\wp-admin\admin-ajax.php(22): require_once('C:\\xampp\\htdocs...')
#11 {main}
  thrown in C:\xampp\htdocs\customizer\wp-content\plugins\text-plugin\text-plugin.php on line 37
[22-Jul-2024 10:24:04 UTC] PHP Warning:  include_once(C:\xampp\htdocs\customizer\wp-content\plugins\text-plugincustom-textarea.php): Failed to open stream: No such file or directory in C:\xampp\htdocs\customizer\wp-content\plugins\text-plugin\text-plugin.php on line 23
[22-Jul-2024 10:24:04 UTC] PHP Warning:  include_once(): Failed opening 'C:\xampp\htdocs\customizer\wp-content\plugins\text-plugincustom-textarea.php' for inclusion (include_path='C:\xampp\php\PEAR') in C:\xampp\htdocs\customizer\wp-content\plugins\text-plugin\text-plugin.php on line 23
[22-Jul-2024 10:24:04 UTC] PHP Fatal error:  Uncaught Error: Class "Customize_Textarea_Control" not found in C:\xampp\htdocs\customizer\wp-content\plugins\text-plugin\text-plugin.php:37
Stack trace:
#0 C:\xampp\htdocs\customizer\wp-includes\class-wp-hook.php(324): my_text_customization(Object(WP_Customize_Manager))
#1 C:\xampp\htdocs\customizer\wp-includes\class-wp-hook.php(348): WP_Hook->apply_filters(NULL, Array)
#2 C:\xampp\htdocs\customizer\wp-includes\plugin.php(517): WP_Hook->do_action(Array)
#3 C:\xampp\htdocs\customizer\wp-includes\class-wp-customize-manager.php(947): do_action('customize_regis...', Object(WP_Customize_Manager))
#4 C:\xampp\htdocs\customizer\wp-includes\class-wp-hook.php(324): WP_Customize_Manager->wp_loaded('')
#5 C:\xampp\htdocs\customizer\wp-includes\class-wp-hook.php(348): WP_Hook->apply_filters(NULL, Array)
#6 C:\xampp\htdocs\customizer\wp-includes\plugin.php(517): WP_Hook->do_action(Array)
#7 C:\xampp\htdocs\customizer\wp-settings.php(722): do_action('wp_loaded')
#8 C:\xampp\htdocs\customizer\wp-config.php(98): require_once('C:\\xampp\\htdocs...')
#9 C:\xampp\htdocs\customizer\wp-load.php(50): require_once('C:\\xampp\\htdocs...')
#10 C:\xampp\htdocs\customizer\wp-admin\admin.php(34): require_once('C:\\xampp\\htdocs...')
#11 C:\xampp\htdocs\customizer\wp-admin\customize.php(13): require_once('C:\\xampp\\htdocs...')
#12 {main}
  thrown in C:\xampp\htdocs\customizer\wp-content\plugins\text-plugin\text-plugin.php on line 37
[22-Jul-2024 10:24:36 UTC] PHP Warning:  include_once(C:\xampp\htdocs\customizer\wp-content\plugins\text-plugincustom-controls/custom-textarea.php): Failed to open stream: No such file or directory in C:\xampp\htdocs\customizer\wp-content\plugins\text-plugin\text-plugin.php on line 23
[22-Jul-2024 10:24:36 UTC] PHP Warning:  include_once(): Failed opening 'C:\xampp\htdocs\customizer\wp-content\plugins\text-plugincustom-controls/custom-textarea.php' for inclusion (include_path='C:\xampp\php\PEAR') in C:\xampp\htdocs\customizer\wp-content\plugins\text-plugin\text-plugin.php on line 23
[22-Jul-2024 10:24:36 UTC] PHP Fatal error:  Uncaught Error: Class "Customize_Textarea_Control" not found in C:\xampp\htdocs\customizer\wp-content\plugins\text-plugin\text-plugin.php:37
Stack trace:
#0 C:\xampp\htdocs\customizer\wp-includes\class-wp-hook.php(324): my_text_customization(Object(WP_Customize_Manager))
#1 C:\xampp\htdocs\customizer\wp-includes\class-wp-hook.php(348): WP_Hook->apply_filters(NULL, Array)
#2 C:\xampp\htdocs\customizer\wp-includes\plugin.php(517): WP_Hook->do_action(Array)
#3 C:\xampp\htdocs\customizer\wp-includes\class-wp-customize-manager.php(947): do_action('customize_regis...', Object(WP_Customize_Manager))
#4 C:\xampp\htdocs\customizer\wp-includes\class-wp-hook.php(324): WP_Customize_Manager->wp_loaded('')
#5 C:\xampp\htdocs\customizer\wp-includes\class-wp-hook.php(348): WP_Hook->apply_filters(NULL, Array)
#6 C:\xampp\htdocs\customizer\wp-includes\plugin.php(517): WP_Hook->do_action(Array)
#7 C:\xampp\htdocs\customizer\wp-settings.php(722): do_action('wp_loaded')
#8 C:\xampp\htdocs\customizer\wp-config.php(98): require_once('C:\\xampp\\htdocs...')
#9 C:\xampp\htdocs\customizer\wp-load.php(50): require_once('C:\\xampp\\htdocs...')
#10 C:\xampp\htdocs\customizer\wp-admin\admin.php(34): require_once('C:\\xampp\\htdocs...')
#11 C:\xampp\htdocs\customizer\wp-admin\customize.php(13): require_once('C:\\xampp\\htdocs...')
#12 {main}
  thrown in C:\xampp\htdocs\customizer\wp-content\plugins\text-plugin\text-plugin.php on line 37
[22-Jul-2024 10:24:54 UTC] PHP Warning:  include_once(C:\xampp\htdocs\customizer\wp-content\plugins\text-plugincustom-controls/custom-textarea.php): Failed to open stream: No such file or directory in C:\xampp\htdocs\customizer\wp-content\plugins\text-plugin\text-plugin.php on line 23
[22-Jul-2024 10:24:54 UTC] PHP Warning:  include_once(): Failed opening 'C:\xampp\htdocs\customizer\wp-content\plugins\text-plugincustom-controls/custom-textarea.php' for inclusion (include_path='C:\xampp\php\PEAR') in C:\xampp\htdocs\customizer\wp-content\plugins\text-plugin\text-plugin.php on line 23
[22-Jul-2024 10:24:54 UTC] PHP Fatal error:  Uncaught Error: Class "Customize_Textarea_Control" not found in C:\xampp\htdocs\customizer\wp-content\plugins\text-plugin\text-plugin.php:37
Stack trace:
#0 C:\xampp\htdocs\customizer\wp-includes\class-wp-hook.php(324): my_text_customization(Object(WP_Customize_Manager))
#1 C:\xampp\htdocs\customizer\wp-includes\class-wp-hook.php(348): WP_Hook->apply_filters(NULL, Array)
#2 C:\xampp\htdocs\customizer\wp-includes\plugin.php(517): WP_Hook->do_action(Array)
#3 C:\xampp\htdocs\customizer\wp-includes\class-wp-customize-manager.php(947): do_action('customize_regis...', Object(WP_Customize_Manager))
#4 C:\xampp\htdocs\customizer\wp-includes\class-wp-hook.php(324): WP_Customize_Manager->wp_loaded('')
#5 C:\xampp\htdocs\customizer\wp-includes\class-wp-hook.php(348): WP_Hook->apply_filters(NULL, Array)
#6 C:\xampp\htdocs\customizer\wp-includes\plugin.php(517): WP_Hook->do_action(Array)
#7 C:\xampp\htdocs\customizer\wp-settings.php(722): do_action('wp_loaded')
#8 C:\xampp\htdocs\customizer\wp-config.php(98): require_once('C:\\xampp\\htdocs...')
#9 C:\xampp\htdocs\customizer\wp-load.php(50): require_once('C:\\xampp\\htdocs...')
#10 C:\xampp\htdocs\customizer\wp-admin\admin.php(34): require_once('C:\\xampp\\htdocs...')
#11 C:\xampp\htdocs\customizer\wp-admin\customize.php(13): require_once('C:\\xampp\\htdocs...')
#12 {main}
  thrown in C:\xampp\htdocs\customizer\wp-content\plugins\text-plugin\text-plugin.php on line 37
[22-Jul-2024 10:43:56 UTC] PHP Fatal error:  Uncaught TypeError: Illegal offset type in C:\xampp\htdocs\customizer\wp-includes\class-wp-customize-manager.php:4079
Stack trace:
#0 C:\xampp\htdocs\customizer\wp-content\plugins\image-plugin\image-plugin.php(38): WP_Customize_Manager->add_control(Object(WP_Customize_Panel))
#1 C:\xampp\htdocs\customizer\wp-includes\class-wp-hook.php(324): customize_image_register_control(Object(WP_Customize_Manager))
#2 C:\xampp\htdocs\customizer\wp-includes\class-wp-hook.php(348): WP_Hook->apply_filters(NULL, Array)
#3 C:\xampp\htdocs\customizer\wp-includes\plugin.php(517): WP_Hook->do_action(Array)
#4 C:\xampp\htdocs\customizer\wp-includes\class-wp-customize-manager.php(947): do_action('customize_regis...', Object(WP_Customize_Manager))
#5 C:\xampp\htdocs\customizer\wp-includes\class-wp-hook.php(324): WP_Customize_Manager->wp_loaded('')
#6 C:\xampp\htdocs\customizer\wp-includes\class-wp-hook.php(348): WP_Hook->apply_filters(NULL, Array)
#7 C:\xampp\htdocs\customizer\wp-includes\plugin.php(517): WP_Hook->do_action(Array)
#8 C:\xampp\htdocs\customizer\wp-settings.php(722): do_action('wp_loaded')
#9 C:\xampp\htdocs\customizer\wp-config.php(98): require_once('C:\\xampp\\htdocs...')
#10 C:\xampp\htdocs\customizer\wp-load.php(50): require_once('C:\\xampp\\htdocs...')
#11 C:\xampp\htdocs\customizer\wp-admin\admin.php(34): require_once('C:\\xampp\\htdocs...')
#12 C:\xampp\htdocs\customizer\wp-admin\customize.php(13): require_once('C:\\xampp\\htdocs...')
#13 {main}
  thrown in C:\xampp\htdocs\customizer\wp-includes\class-wp-customize-manager.php on line 4079
[22-Jul-2024 10:44:51 UTC] PHP Fatal error:  Uncaught TypeError: Illegal offset type in C:\xampp\htdocs\customizer\wp-includes\class-wp-customize-manager.php:4079
Stack trace:
#0 C:\xampp\htdocs\customizer\wp-content\plugins\image-plugin\image-plugin.php(38): WP_Customize_Manager->add_control(Object(WP_Customize_Panel))
#1 C:\xampp\htdocs\customizer\wp-includes\class-wp-hook.php(324): customize_image_register_control(Object(WP_Customize_Manager))
#2 C:\xampp\htdocs\customizer\wp-includes\class-wp-hook.php(348): WP_Hook->apply_filters(NULL, Array)
#3 C:\xampp\htdocs\customizer\wp-includes\plugin.php(517): WP_Hook->do_action(Array)
#4 C:\xampp\htdocs\customizer\wp-includes\class-wp-customize-manager.php(947): do_action('customize_regis...', Object(WP_Customize_Manager))
#5 C:\xampp\htdocs\customizer\wp-includes\class-wp-hook.php(324): WP_Customize_Manager->wp_loaded('')
#6 C:\xampp\htdocs\customizer\wp-includes\class-wp-hook.php(348): WP_Hook->apply_filters(NULL, Array)
#7 C:\xampp\htdocs\customizer\wp-includes\plugin.php(517): WP_Hook->do_action(Array)
#8 C:\xampp\htdocs\customizer\wp-settings.php(722): do_action('wp_loaded')
#9 C:\xampp\htdocs\customizer\wp-config.php(98): require_once('C:\\xampp\\htdocs...')
#10 C:\xampp\htdocs\customizer\wp-load.php(50): require_once('C:\\xampp\\htdocs...')
#11 C:\xampp\htdocs\customizer\wp-admin\admin.php(34): require_once('C:\\xampp\\htdocs...')
#12 C:\xampp\htdocs\customizer\wp-admin\customize.php(13): require_once('C:\\xampp\\htdocs...')
#13 {main}
  thrown in C:\xampp\htdocs\customizer\wp-includes\class-wp-customize-manager.php on line 4079
[22-Jul-2024 10:45:48 UTC] PHP Fatal error:  Uncaught TypeError: Illegal offset type in C:\xampp\htdocs\customizer\wp-includes\class-wp-customize-manager.php:4079
Stack trace:
#0 C:\xampp\htdocs\customizer\wp-content\plugins\image-plugin\image-plugin.php(39): WP_Customize_Manager->add_control(Object(WP_Customize_Panel))
#1 C:\xampp\htdocs\customizer\wp-includes\class-wp-hook.php(324): customize_image_register_control(Object(WP_Customize_Manager))
#2 C:\xampp\htdocs\customizer\wp-includes\class-wp-hook.php(348): WP_Hook->apply_filters(NULL, Array)
#3 C:\xampp\htdocs\customizer\wp-includes\plugin.php(517): WP_Hook->do_action(Array)
#4 C:\xampp\htdocs\customizer\wp-includes\class-wp-customize-manager.php(947): do_action('customize_regis...', Object(WP_Customize_Manager))
#5 C:\xampp\htdocs\customizer\wp-includes\class-wp-hook.php(324): WP_Customize_Manager->wp_loaded('')
#6 C:\xampp\htdocs\customizer\wp-includes\class-wp-hook.php(348): WP_Hook->apply_filters(NULL, Array)
#7 C:\xampp\htdocs\customizer\wp-includes\plugin.php(517): WP_Hook->do_action(Array)
#8 C:\xampp\htdocs\customizer\wp-settings.php(722): do_action('wp_loaded')
#9 C:\xampp\htdocs\customizer\wp-config.php(98): require_once('C:\\xampp\\htdocs...')
#10 C:\xampp\htdocs\customizer\wp-load.php(50): require_once('C:\\xampp\\htdocs...')
#11 C:\xampp\htdocs\customizer\wp-admin\admin.php(34): require_once('C:\\xampp\\htdocs...')
#12 C:\xampp\htdocs\customizer\wp-admin\customize.php(13): require_once('C:\\xampp\\htdocs...')
#13 {main}
  thrown in C:\xampp\htdocs\customizer\wp-includes\class-wp-customize-manager.php on line 4079
[22-Jul-2024 10:50:57 UTC] PHP Deprecated:  Function the_block_template_skip_link is <strong>deprecated</strong> since version 6.4.0! Use wp_enqueue_block_template_skip_link() instead. in C:\xampp\htdocs\customizer\wp-includes\functions.php on line 6085
[22-Jul-2024 10:51:26 UTC] PHP Deprecated:  Function the_block_template_skip_link is <strong>deprecated</strong> since version 6.4.0! Use wp_enqueue_block_template_skip_link() instead. in C:\xampp\htdocs\customizer\wp-includes\functions.php on line 6085
[22-Jul-2024 10:52:04 UTC] PHP Deprecated:  Function the_block_template_skip_link is <strong>deprecated</strong> since version 6.4.0! Use wp_enqueue_block_template_skip_link() instead. in C:\xampp\htdocs\customizer\wp-includes\functions.php on line 6085
[22-Jul-2024 10:52:30 UTC] PHP Deprecated:  Function the_block_template_skip_link is <strong>deprecated</strong> since version 6.4.0! Use wp_enqueue_block_template_skip_link() instead. in C:\xampp\htdocs\customizer\wp-includes\functions.php on line 6085
[22-Jul-2024 10:52:51 UTC] PHP Deprecated:  Function the_block_template_skip_link is <strong>deprecated</strong> since version 6.4.0! Use wp_enqueue_block_template_skip_link() instead. in C:\xampp\htdocs\customizer\wp-includes\functions.php on line 6085
[22-Jul-2024 12:03:02 UTC] PHP Warning:  wp_update_plugins(): An unexpected error occurred. Something may be wrong with WordPress.org or this server&#8217;s configuration. If you continue to have problems, please try the <a href="https://wordpress.org/support/forums/">support forums</a>. (WordPress could not establish a secure connection to WordPress.org. Please contact your server administrator.) in C:\xampp\htdocs\customizer\wp-includes\functions.php on line 6085
[22-Jul-2024 12:03:02 UTC] PHP Warning:  wp_update_themes(): An unexpected error occurred. Something may be wrong with WordPress.org or this server&#8217;s configuration. If you continue to have problems, please try the <a href="https://wordpress.org/support/forums/">support forums</a>. (WordPress could not establish a secure connection to WordPress.org. Please contact your server administrator.) in C:\xampp\htdocs\customizer\wp-includes\functions.php on line 6085
[22-Jul-2024 12:03:02 UTC] PHP Warning:  wp_version_check(): An unexpected error occurred. Something may be wrong with WordPress.org or this server&#8217;s configuration. If you continue to have problems, please try the <a href="https://wordpress.org/support/forums/">support forums</a>. (WordPress could not establish a secure connection to WordPress.org. Please contact your server administrator.) in C:\xampp\htdocs\customizer\wp-includes\functions.php on line 6085
